<?xml version="1.0" encoding="UTF-8"?>
<testng-results skipped="0" failed="0" ignored="0" total="1" passed="1">
  <reporter-output>
  </reporter-output>
  <suite name="Default suite" duration-ms="36583" started-at="2020-09-14T14:32:26 IST" finished-at="2020-09-14T14:33:02 IST">
    <groups>
    </groups>
    <test name="Default test" duration-ms="36583" started-at="2020-09-14T14:32:26 IST" finished-at="2020-09-14T14:33:02 IST">
      <class name="rahulshettyacademy.ExtentReportsDemo">
        <test-method status="PASS" signature="config()[pri:0, instance:rahulshettyacademy.ExtentReportsDemo@7494e528]" name="config" is-config="true" duration-ms="307" started-at="2020-09-14T14:32:26 IST" finished-at="2020-09-14T14:32:26 IST">
          <reporter-output>
          </reporter-output>
        </test-method> <!-- config -->
        <test-method status="PASS" signature="initialDemo()[pri:0, instance:rahulshettyacademy.ExtentReportsDemo@7494e528]" name="initialDemo" duration-ms="36230" started-at="2020-09-14T14:32:26 IST" finished-at="2020-09-14T14:33:02 IST">
          <reporter-output>
          </reporter-output>
        </test-method> <!-- initialDemo -->
      </class> <!-- rahulshettyacademy.ExtentReportsDemo -->
    </test> <!-- Default test -->
  </suite> <!-- Default suite -->
</testng-results>
